[MdTracerAdapter] LoadRom request: path='/run/media/nichlas/Atlas/roms/Genesis/Decap Attack (UE) [h1C].gen' ext='.gen' thread=1
[MdTracerAdapter] Detected ROM region: US (raw='UE')
[MdTracerAdapter] Vector check SP=0x00FFFE00 PC=0x00000200
[ROMMODE] type=MD masterSystemMode=0
[MdTracerAdapter] Reset begin
[MdTracerAdapter] Reset framebuffer 320x224 stride=1280
ROM bytes: 524288 | Header@0x100: 'SEGA' | WRAM@FF0000: 0x1234ABCD | VEC SP=0x00FFFE00 PC=0x00000200 OP@PC=0x4AB9 | CPU API ok
[PwCatAudioSink] Starting pw-cat session.
[MainWindow] Early magenta ready after 2491,7 ms
[MBXINJ-ENV] value='<null>'
[AudioEngine] timed audio clamped to 4096 frames.
[AUDIOCORE] frames=4096 psgPeak=0 ymPeak=0 mixPeak=0 psgNZ=0 ymNZ=0 mixNZ=0 outVolMin=1 outVolMax=1
[Z80Stats] dt=1,00s instr=113875 ips=113859 active=1 halt=0 pc=0x3E1D busReq=0 reset=0 busReqW=0 busReqT=0 resetW=0 resetT=0
[AUDIOCORE] frames=2772 psgPeak=0 ymPeak=0 mixPeak=0 psgNZ=0 ymNZ=0 mixNZ=0 outVolMin=1 outVolMax=1
[Z80Stats] dt=1,00s instr=231732 ips=231719 active=1 halt=0 pc=0x0A8A busReq=0 reset=0 busReqW=0 busReqT=0 resetW=0 resetT=0
[AUDIOCORE] frames=3296 psgPeak=0 ymPeak=0 mixPeak=0 psgNZ=0 ymNZ=0 mixNZ=0 outVolMin=1 outVolMax=1
[Z80Stats] dt=1,00s instr=224440 ips=224410 active=1 halt=0 pc=0x3A0D busReq=0 reset=0 busReqW=0 busReqT=0 resetW=0 resetT=0
[AUDIOCORE] frames=2591 psgPeak=0 ymPeak=0 mixPeak=0 psgNZ=0 ymNZ=0 mixNZ=0 outVolMin=1 outVolMax=1
[Z80Stats] dt=1,00s instr=249685 ips=249304 active=1 halt=0 pc=0x0CD2 busReq=0 reset=0 busReqW=210 busReqT=200 resetW=100 resetT=0
[AUDIOCORE] frames=2578 psgPeak=0 ymPeak=0 mixPeak=0 psgNZ=0 ymNZ=0 mixNZ=0 outVolMin=1 outVolMax=1
[Z80Stats] dt=1,00s instr=253449 ips=253316 active=1 halt=0 pc=0x2E14 busReq=0 reset=0 busReqW=85 busReqT=68 resetW=34 resetT=0
[AUDIOCORE] frames=2487 psgPeak=0 ymPeak=0 mixPeak=0 psgNZ=0 ymNZ=0 mixNZ=0 outVolMin=1 outVolMax=1
[Z80Stats] dt=1,00s instr=257665 ips=257635 active=1 halt=0 pc=0x2005 busReq=0 reset=0 busReqW=85 busReqT=68 resetW=34 resetT=0
[AUDIOCORE] frames=2592 psgPeak=0 ymPeak=0 mixPeak=0 psgNZ=0 ymNZ=0 mixNZ=0 outVolMin=1 outVolMax=1
[Z80Stats] dt=1,00s instr=258178 ips=258148 active=1 halt=0 pc=0x13F7 busReq=0 reset=0 busReqW=85 busReqT=68 resetW=34 resetT=0
[AUDIOCORE] frames=2646 psgPeak=0 ymPeak=0 mixPeak=0 psgNZ=0 ymNZ=0 mixNZ=0 outVolMin=1 outVolMax=1
[Z80Stats] dt=1,00s instr=252138 ips=252132 active=1 halt=0 pc=0x301A busReq=0 reset=0 busReqW=85 busReqT=68 resetW=34 resetT=0
[AUDIOCORE] frames=2541 psgPeak=0 ymPeak=0 mixPeak=0 psgNZ=0 ymNZ=0 mixNZ=0 outVolMin=1 outVolMax=1
[Z80Stats] dt=1,00s instr=256924 ips=256897 active=1 halt=0 pc=0x1F26 busReq=0 reset=0 busReqW=90 busReqT=72 resetW=36 resetT=0
[AUDIOCORE] frames=2608 psgPeak=0 ymPeak=0 mixPeak=0 psgNZ=0 ymNZ=0 mixNZ=0 outVolMin=1 outVolMax=1
[Z80Stats] dt=1,00s instr=253278 ips=253048 active=1 halt=0 pc=0x3FBD busReq=0 reset=0 busReqW=85 busReqT=68 resetW=34 resetT=0
[AUDIOCORE] frames=2465 psgPeak=0 ymPeak=0 mixPeak=0 psgNZ=0 ymNZ=0 mixNZ=0 outVolMin=1 outVolMax=1
[Z80Stats] dt=1,00s instr=261824 ips=261660 active=1 halt=0 pc=0x0224 busReq=0 reset=0 busReqW=85 busReqT=68 resetW=34 resetT=0
[AUDIOCORE] frames=2616 psgPeak=0 ymPeak=0 mixPeak=0 psgNZ=0 ymNZ=0 mixNZ=0 outVolMin=1 outVolMax=1
[Z80Stats] dt=1,00s instr=252708 ips=252703 active=1 halt=0 pc=0x2081 busReq=0 reset=0 busReqW=85 busReqT=68 resetW=34 resetT=0
[AUDIOCORE] frames=2522 psgPeak=0 ymPeak=0 mixPeak=0 psgNZ=0 ymNZ=0 mixNZ=0 outVolMin=1 outVolMax=1
[Z80Stats] dt=1,00s instr=253162 ips=253141 active=1 halt=0 pc=0x00DB busReq=0 reset=0 busReqW=85 busReqT=68 resetW=34 resetT=0
[AUDIOCORE] frames=2650 psgPeak=0 ymPeak=0 mixPeak=0 psgNZ=0 ymNZ=0 mixNZ=0 outVolMin=1 outVolMax=1
[Z80Stats] dt=1,00s instr=250941 ips=250912 active=1 halt=0 pc=0x1851 busReq=0 reset=0 busReqW=85 busReqT=68 resetW=34 resetT=0
[MdTracerAdapter] Reset begin
[MdTracerAdapter] Reset framebuffer 320x224 stride=1280
[AUDIOCORE] frames=2880 psgPeak=0 ymPeak=0 mixPeak=0 psgNZ=0 ymNZ=0 mixNZ=0 outVolMin=1 outVolMax=1
[Z80Stats] dt=1,00s instr=241479 ips=241468 active=1 halt=0 pc=0x0AD1 busReq=0 reset=0 busReqW=0 busReqT=0 resetW=0 resetT=0
[AUDIOCORE] frames=2761 psgPeak=0 ymPeak=0 mixPeak=0 psgNZ=0 ymNZ=0 mixNZ=0 outVolMin=1 outVolMax=1
[Z80Stats] dt=1,00s instr=232019 ips=231993 active=1 halt=0 pc=0x1826 busReq=0 reset=0 busReqW=0 busReqT=0 resetW=0 resetT=0
[AUDIOCORE] frames=2784 psgPeak=0 ymPeak=0 mixPeak=0 psgNZ=0 ymNZ=0 mixNZ=0 outVolMin=1 outVolMax=1
[Z80Stats] dt=1,00s instr=236864 ips=236778 active=1 halt=0 pc=0x3868 busReq=0 reset=0 busReqW=0 busReqT=0 resetW=0 resetT=0
[m68k] missing opcode handler op=0x3C3D pc=0x020146
[m68k] missing opcode handler op=0x4344 pc=0x020156
[m68k] missing opcode handler op=0x4B4C pc=0x020164
[AudioEngine] timed audio clamped to 4096 frames.
[Z80Stats] dt=1,00s instr=173087 ips=173050 active=0 halt=0 pc=0x1EE4 busReq=1 reset=0 busReqW=171 busReqT=167 resetW=84 resetT=0
[AUDIOCORE] frames=4096 psgPeak=0 ymPeak=0 mixPeak=0 psgNZ=0 ymNZ=0 mixNZ=0 outVolMin=1 outVolMax=1
[AudioEngine] timed audio clamped to 4096 frames.
[Z80Stats] dt=1,00s instr=0 ips=0 active=0 halt=0 pc=0x1EE4 busReq=1 reset=0 busReqW=10 busReqT=0 resetW=0 resetT=0
[AUDIOCORE] frames=4096 psgPeak=0 ymPeak=0 mixPeak=0 psgNZ=0 ymNZ=0 mixNZ=0 outVolMin=1 outVolMax=1
[AudioEngine] timed audio clamped to 4096 frames.
[Z80Stats] dt=1,00s instr=0 ips=0 active=0 halt=0 pc=0x1EE4 busReq=1 reset=0 busReqW=9 busReqT=0 resetW=0 resetT=0
[AUDIOCORE] frames=4096 psgPeak=0 ymPeak=0 mixPeak=0 psgNZ=0 ymNZ=0 mixNZ=0 outVolMin=1 outVolMax=1
[AudioEngine] timed audio clamped to 4096 frames.
[Z80Stats] dt=1,00s instr=0 ips=0 active=0 halt=0 pc=0x1EE4 busReq=1 reset=0 busReqW=10 busReqT=0 resetW=0 resetT=0
[AUDIOCORE] frames=4096 psgPeak=0 ymPeak=0 mixPeak=0 psgNZ=0 ymNZ=0 mixNZ=0 outVolMin=1 outVolMax=1
[AudioEngine] timed audio clamped to 4096 frames.
[Z80Stats] dt=1,00s instr=0 ips=0 active=0 halt=0 pc=0x1EE4 busReq=1 reset=0 busReqW=10 busReqT=0 resetW=0 resetT=0
[AUDIOCORE] frames=4096 psgPeak=0 ymPeak=0 mixPeak=0 psgNZ=0 ymNZ=0 mixNZ=0 outVolMin=1 outVolMax=1
[AudioEngine] timed audio clamped to 4096 frames.
[Z80Stats] dt=1,00s instr=0 ips=0 active=0 halt=0 pc=0x1EE4 busReq=1 reset=0 busReqW=9 busReqT=0 resetW=0 resetT=0
[AUDIOCORE] frames=4096 psgPeak=0 ymPeak=0 mixPeak=0 psgNZ=0 ymNZ=0 mixNZ=0 outVolMin=1 outVolMax=1
[AudioEngine] timed audio clamped to 4096 frames.
[Z80Stats] dt=1,00s instr=0 ips=0 active=0 halt=0 pc=0x1EE4 busReq=1 reset=0 busReqW=10 busReqT=0 resetW=0 resetT=0
[AUDIOCORE] frames=4096 psgPeak=0 ymPeak=0 mixPeak=0 psgNZ=0 ymNZ=0 mixNZ=0 outVolMin=1 outVolMax=1
[Z80Stats] dt=1,00s instr=0 ips=0 active=0 halt=0 pc=0x1EE4 busReq=1 reset=0 busReqW=8 busReqT=0 resetW=0 resetT=0
[AudioEngine] timed audio clamped to 4096 frames.
[AUDIOCORE] frames=4096 psgPeak=0 ymPeak=0 mixPeak=0 psgNZ=0 ymNZ=0 mixNZ=0 outVolMin=1 outVolMax=1
[Z80Stats] dt=1,00s instr=0 ips=0 active=0 halt=0 pc=0x1EE4 busReq=1 reset=0 busReqW=8 busReqT=0 resetW=0 resetT=0
[AudioEngine] timed audio clamped to 4096 frames.
[AUDIOCORE] frames=4096 psgPeak=0 ymPeak=0 mixPeak=0 psgNZ=0 ymNZ=0 mixNZ=0 outVolMin=1 outVolMax=1
[Z80Stats] dt=1,00s instr=0 ips=0 active=0 halt=0 pc=0x1EE4 busReq=1 reset=0 busReqW=10 busReqT=0 resetW=0 resetT=0
[AudioEngine] timed audio clamped to 4096 frames.
[AUDIOCORE] frames=4096 psgPeak=0 ymPeak=0 mixPeak=0 psgNZ=0 ymNZ=0 mixNZ=0 outVolMin=1 outVolMax=1
[Z80Stats] dt=1,00s instr=0 ips=0 active=0 halt=0 pc=0x1EE4 busReq=1 reset=0 busReqW=9 busReqT=0 resetW=0 resetT=0
[AudioEngine] timed audio clamped to 4096 frames.
[AUDIOCORE] frames=4096 psgPeak=0 ymPeak=0 mixPeak=0 psgNZ=0 ymNZ=0 mixNZ=0 outVolMin=1 outVolMax=1
[Z80Stats] dt=1,00s instr=0 ips=0 active=0 halt=0 pc=0x1EE4 busReq=1 reset=0 busReqW=10 busReqT=0 resetW=0 resetT=0
[AudioEngine] timed audio clamped to 4096 frames.
[AUDIOCORE] frames=4096 psgPeak=0 ymPeak=0 mixPeak=0 psgNZ=0 ymNZ=0 mixNZ=0 outVolMin=1 outVolMax=1
[Z80Stats] dt=1,00s instr=0 ips=0 active=0 halt=0 pc=0x1EE4 busReq=1 reset=0 busReqW=9 busReqT=0 resetW=0 resetT=0
[AudioEngine] timed audio clamped to 4096 frames.
[AUDIOCORE] frames=4096 psgPeak=0 ymPeak=0 mixPeak=0 psgNZ=0 ymNZ=0 mixNZ=0 outVolMin=1 outVolMax=1
[Z80Stats] dt=1,00s instr=0 ips=0 active=0 halt=0 pc=0x1EE4 busReq=1 reset=0 busReqW=10 busReqT=0 resetW=0 resetT=0
[AudioEngine] timed audio clamped to 4096 frames.
[AUDIOCORE] frames=4096 psgPeak=0 ymPeak=0 mixPeak=0 psgNZ=0 ymNZ=0 mixNZ=0 outVolMin=1 outVolMax=1
[Z80Stats] dt=1,01s instr=0 ips=0 active=0 halt=0 pc=0x1EE4 busReq=1 reset=0 busReqW=9 busReqT=0 resetW=0 resetT=0
[AudioEngine] timed audio clamped to 4096 frames.
[AUDIOCORE] frames=4096 psgPeak=0 ymPeak=0 mixPeak=0 psgNZ=0 ymNZ=0 mixNZ=0 outVolMin=1 outVolMax=1
[Z80Stats] dt=1,00s instr=0 ips=0 active=0 halt=0 pc=0x1EE4 busReq=1 reset=0 busReqW=9 busReqT=0 resetW=0 resetT=0
[AudioEngine] timed audio clamped to 4096 frames.
[AUDIOCORE] frames=4096 psgPeak=0 ymPeak=0 mixPeak=0 psgNZ=0 ymNZ=0 mixNZ=0 outVolMin=1 outVolMax=1
[Z80Stats] dt=1,00s instr=0 ips=0 active=0 halt=0 pc=0x1EE4 busReq=1 reset=0 busReqW=9 busReqT=0 resetW=0 resetT=0
[AudioEngine] timed audio clamped to 4096 frames.
[AUDIOCORE] frames=4096 psgPeak=0 ymPeak=0 mixPeak=0 psgNZ=0 ymNZ=0 mixNZ=0 outVolMin=1 outVolMax=1
[Z80Stats] dt=1,01s instr=0 ips=0 active=0 halt=0 pc=0x1EE4 busReq=1 reset=0 busReqW=10 busReqT=0 resetW=0 resetT=0
[AudioEngine] timed audio clamped to 4096 frames.
[AUDIOCORE] frames=4096 psgPeak=0 ymPeak=0 mixPeak=0 psgNZ=0 ymNZ=0 mixNZ=0 outVolMin=1 outVolMax=1
[Z80Stats] dt=1,00s instr=0 ips=0 active=0 halt=0 pc=0x1EE4 busReq=1 reset=0 busReqW=9 busReqT=0 resetW=0 resetT=0
[AudioEngine] timed audio clamped to 4096 frames.
[Z80Stats] dt=1,00s instr=0 ips=0 active=0 halt=0 pc=0x1EE4 busReq=1 reset=0 busReqW=9 busReqT=0 resetW=0 resetT=0
[AUDIOCORE] frames=4096 psgPeak=0 ymPeak=0 mixPeak=0 psgNZ=0 ymNZ=0 mixNZ=0 outVolMin=1 outVolMax=1
[MdTracerAdapter] Reset begin
[AudioEngine] timed audio clamped to 4096 frames.
[MdTracerAdapter] Reset framebuffer 320x224 stride=1280
[Z80Stats] dt=1,00s instr=0 ips=0 active=0 halt=0 pc=0x1EE4 busReq=0 reset=0 busReqW=0 busReqT=0 resetW=0 resetT=0
[AUDIOCORE] frames=2928 psgPeak=0 ymPeak=0 mixPeak=0 psgNZ=0 ymNZ=0 mixNZ=0 outVolMin=1 outVolMax=1
[Z80Stats] dt=1,00s instr=0 ips=0 active=0 halt=0 pc=0x1EE4 busReq=0 reset=0 busReqW=0 busReqT=0 resetW=0 resetT=0
[AUDIOCORE] frames=3375 psgPeak=0 ymPeak=0 mixPeak=0 psgNZ=0 ymNZ=0 mixNZ=0 outVolMin=1 outVolMax=1
[Z80Stats] dt=1,00s instr=0 ips=0 active=0 halt=0 pc=0x1EE4 busReq=0 reset=0 busReqW=0 busReqT=0 resetW=0 resetT=0
[AUDIOCORE] frames=3244 psgPeak=0 ymPeak=0 mixPeak=0 psgNZ=0 ymNZ=0 mixNZ=0 outVolMin=1 outVolMax=1
[Z80Stats] dt=1,00s instr=10543 ips=10542 active=1 halt=0 pc=0x084A busReq=0 reset=0 busReqW=148 busReqT=148 resetW=74 resetT=0
[AUDIOCORE] frames=2675 psgPeak=0 ymPeak=0 mixPeak=0 psgNZ=0 ymNZ=0 mixNZ=0 outVolMin=1 outVolMax=1
[Z80Stats] dt=1,00s instr=231506 ips=231413 active=1 halt=0 pc=0x139E busReq=0 reset=0 busReqW=92 busReqT=76 resetW=38 resetT=0
[AUDIOCORE] frames=2760 psgPeak=0 ymPeak=0 mixPeak=0 psgNZ=0 ymNZ=0 mixNZ=0 outVolMin=1 outVolMax=1
[Z80Stats] dt=1,00s instr=253335 ips=252252 active=1 halt=0 pc=0x346E busReq=0 reset=0 busReqW=85 busReqT=68 resetW=34 resetT=0
[AUDIOCORE] frames=2480 psgPeak=0 ymPeak=0 mixPeak=0 psgNZ=0 ymNZ=0 mixNZ=0 outVolMin=1 outVolMax=1
[Z80Stats] dt=1,00s instr=256297 ips=256270 active=1 halt=0 pc=0x2107 busReq=0 reset=0 busReqW=85 busReqT=68 resetW=34 resetT=0
[AUDIOCORE] frames=2509 psgPeak=0 ymPeak=0 mixPeak=0 psgNZ=0 ymNZ=0 mixNZ=0 outVolMin=1 outVolMax=1
[Z80Stats] dt=1,00s instr=257608 ips=257589 active=1 halt=0 pc=0x12BF busReq=0 reset=0 busReqW=85 busReqT=68 resetW=34 resetT=0
[AUDIOCORE] frames=2488 psgPeak=0 ymPeak=0 mixPeak=0 psgNZ=0 ymNZ=0 mixNZ=0 outVolMin=1 outVolMax=1
[Z80Stats] dt=1,00s instr=256185 ips=256088 active=1 halt=0 pc=0x3EB1 busReq=0 reset=0 busReqW=85 busReqT=68 resetW=34 resetT=0
[AUDIOCORE] frames=2549 psgPeak=0 ymPeak=0 mixPeak=0 psgNZ=0 ymNZ=0 mixNZ=0 outVolMin=1 outVolMax=1
[Z80Stats] dt=1,00s instr=256126 ips=256125 active=1 halt=0 pc=0x2A9F busReq=0 reset=0 busReqW=90 busReqT=72 resetW=36 resetT=0
[AUDIOCORE] frames=2549 psgPeak=0 ymPeak=0 mixPeak=0 psgNZ=0 ymNZ=0 mixNZ=0 outVolMin=1 outVolMax=1
[Z80Stats] dt=1,00s instr=248148 ips=247872 active=1 halt=0 pc=0x372C busReq=0 reset=0 busReqW=80 busReqT=64 resetW=32 resetT=0
[AUDIOCORE] frames=2589 psgPeak=0 ymPeak=0 mixPeak=0 psgNZ=0 ymNZ=0 mixNZ=0 outVolMin=1 outVolMax=1
[Z80Stats] dt=1,00s instr=244614 ips=244395 active=1 halt=0 pc=0x35EB busReq=0 reset=0 busReqW=85 busReqT=68 resetW=34 resetT=0
[AUDIOCORE] frames=2586 psgPeak=0 ymPeak=0 mixPeak=0 psgNZ=0 ymNZ=0 mixNZ=0 outVolMin=1 outVolMax=1
[Z80Stats] dt=1,00s instr=250141 ips=249717 active=1 halt=0 pc=0x0A78 busReq=0 reset=0 busReqW=85 busReqT=68 resetW=34 resetT=0
[AUDIOCORE] frames=2636 psgPeak=0 ymPeak=0 mixPeak=0 psgNZ=0 ymNZ=0 mixNZ=0 outVolMin=1 outVolMax=1
[Z80Stats] dt=1,00s instr=254760 ips=254565 active=1 halt=0 pc=0x30D9 busReq=0 reset=0 busReqW=85 busReqT=68 resetW=34 resetT=0
[AUDIOCORE] frames=2676 psgPeak=0 ymPeak=0 mixPeak=0 psgNZ=0 ymNZ=0 mixNZ=0 outVolMin=1 outVolMax=1
[Z80Stats] dt=1,00s instr=254416 ips=254403 active=1 halt=0 pc=0x1619 busReq=0 reset=0 busReqW=85 busReqT=68 resetW=34 resetT=0
[AUDIOCORE] frames=2609 psgPeak=0 ymPeak=0 mixPeak=0 psgNZ=0 ymNZ=0 mixNZ=0 outVolMin=1 outVolMax=1
[Z80Stats] dt=1,00s instr=254646 ips=254637 active=1 halt=0 pc=0x3C08 busReq=0 reset=0 busReqW=85 busReqT=68 resetW=34 resetT=0
[AUDIOCORE] frames=2588 psgPeak=0 ymPeak=0 mixPeak=0 psgNZ=0 ymNZ=0 mixNZ=0 outVolMin=1 outVolMax=1
[Z80Stats] dt=1,00s instr=254587 ips=254566 active=1 halt=0 pc=0x21F3 busReq=0 reset=0 busReqW=85 busReqT=68 resetW=34 resetT=0
[AUDIOCORE] frames=2600 psgPeak=0 ymPeak=0 mixPeak=0 psgNZ=0 ymNZ=0 mixNZ=0 outVolMin=1 outVolMax=1
[AudioEngine] timed audio clamped to 4096 frames.
[Z80Stats] dt=1,00s instr=204091 ips=204040 active=1 halt=0 pc=0x01F9 busReq=0 reset=0 busReqW=70 busReqT=56 resetW=28 resetT=0
[AUDIOCORE] frames=2629 psgPeak=0 ymPeak=0 mixPeak=0 psgNZ=0 ymNZ=0 mixNZ=0 outVolMin=1 outVolMax=1
[Z80Stats] dt=1,00s instr=205005 ips=204287 active=1 halt=0 pc=0x255A busReq=0 reset=0 busReqW=70 busReqT=56 resetW=28 resetT=0
[AUDIOCORE] frames=2613 psgPeak=0 ymPeak=0 mixPeak=0 psgNZ=0 ymNZ=0 mixNZ=0 outVolMin=1 outVolMax=1
[Z80Stats] dt=1,00s instr=249231 ips=249147 active=1 halt=0 pc=0x3622 busReq=0 reset=0 busReqW=80 busReqT=64 resetW=32 resetT=0
[AUDIOCORE] frames=2665 psgPeak=0 ymPeak=0 mixPeak=0 psgNZ=0 ymNZ=0 mixNZ=0 outVolMin=1 outVolMax=1
[Z80Stats] dt=1,00s instr=250939 ips=250907 active=1 halt=0 pc=0x0DCD busReq=0 reset=0 busReqW=85 busReqT=68 resetW=34 resetT=0
[AUDIOCORE] frames=2590 psgPeak=0 ymPeak=0 mixPeak=0 psgNZ=0 ymNZ=0 mixNZ=0 outVolMin=1 outVolMax=1
[Z80Stats] dt=1,00s instr=253392 ips=253305 active=1 halt=0 pc=0x2ED6 busReq=0 reset=0 busReqW=85 busReqT=68 resetW=34 resetT=0
[AUDIOCORE] frames=2525 psgPeak=0 ymPeak=0 mixPeak=0 psgNZ=0 ymNZ=0 mixNZ=0 outVolMin=1 outVolMax=1
[Z80Stats] dt=1,00s instr=261256 ips=261135 active=1 halt=0 pc=0x2ECE busReq=0 reset=0 busReqW=58 busReqT=40 resetW=36 resetT=0
[AUDIOCORE] frames=2504 psgPeak=0 ymPeak=0 mixPeak=0 psgNZ=0 ymNZ=0 mixNZ=0 outVolMin=1 outVolMax=1
[Z80Stats] dt=1,00s instr=261940 ips=261912 active=1 halt=0 pc=0x3172 busReq=0 reset=0 busReqW=51 busReqT=34 resetW=34 resetT=0
[AUDIOCORE] frames=2501 psgPeak=0 ymPeak=0 mixPeak=0 psgNZ=0 ymNZ=0 mixNZ=0 outVolMin=1 outVolMax=1
[Z80Stats] dt=1,00s instr=263308 ips=263241 active=1 halt=0 pc=0x396E busReq=0 reset=0 busReqW=48 busReqT=32 resetW=32 resetT=0
[AUDIOCORE] frames=2495 psgPeak=0 ymPeak=0 mixPeak=0 psgNZ=0 ymNZ=0 mixNZ=0 outVolMin=1 outVolMax=1
[Z80Stats] dt=1,00s instr=259945 ips=259912 active=1 halt=0 pc=0x3447 busReq=0 reset=0 busReqW=54 busReqT=36 resetW=36 resetT=0
[AUDIOCORE] frames=2510 psgPeak=0 ymPeak=0 mixPeak=0 psgNZ=0 ymNZ=0 mixNZ=0 outVolMin=1 outVolMax=1
[Z80Stats] dt=1,00s instr=260800 ips=260773 active=1 halt=0 pc=0x3277 busReq=0 reset=0 busReqW=51 busReqT=34 resetW=34 resetT=0
[AUDIOCORE] frames=2518 psgPeak=0 ymPeak=0 mixPeak=0 psgNZ=0 ymNZ=0 mixNZ=0 outVolMin=1 outVolMax=1
[Z80Stats] dt=1,00s instr=259546 ips=259134 active=1 halt=0 pc=0x2BC1 busReq=0 reset=0 busReqW=54 busReqT=36 resetW=36 resetT=0
[AUDIOCORE] frames=2526 psgPeak=0 ymPeak=0 mixPeak=0 psgNZ=0 ymNZ=0 mixNZ=0 outVolMin=1 outVolMax=1
[Z80Stats] dt=1,00s instr=255100 ips=255084 active=1 halt=0 pc=0x13AD busReq=0 reset=0 busReqW=51 busReqT=34 resetW=34 resetT=0
[Z80Stats] dt=1,00s instr=254304 ips=254294 active=1 halt=0 pc=0x3846 busReq=0 reset=0 busReqW=147 busReqT=130 resetW=82 resetT=0
[AUDIOCORE] frames=2580 psgPeak=0 ymPeak=8192 mixPeak=8192 psgNZ=0 ymNZ=5156 mixNZ=5156 outVolMin=1 outVolMax=1
[Z80Stats] dt=1,00s instr=252193 ips=252094 active=1 halt=0 pc=0x14D7 busReq=0 reset=0 busReqW=91 busReqT=74 resetW=54 resetT=0
[AUDIOCORE] frames=2996 psgPeak=0 ymPeak=8192 mixPeak=8192 psgNZ=0 ymNZ=5986 mixNZ=5986 outVolMin=1 outVolMax=1
[Z80Stats] dt=1,00s instr=230993 ips=230989 active=1 halt=0 pc=0x1E2A busReq=0 reset=0 busReqW=88 busReqT=72 resetW=52 resetT=0
[AUDIOCORE] frames=2680 psgPeak=0 ymPeak=8192 mixPeak=8192 psgNZ=0 ymNZ=5358 mixNZ=5358 outVolMin=1 outVolMax=1
[Z80Stats] dt=1,00s instr=239085 ips=239015 active=1 halt=0 pc=0x0750 busReq=0 reset=0 busReqW=88 busReqT=72 resetW=52 resetT=0
[AUDIOCORE] frames=2549 psgPeak=0 ymPeak=8192 mixPeak=8192 psgNZ=0 ymNZ=5084 mixNZ=5084 outVolMin=1 outVolMax=1
[Z80Stats] dt=1,00s instr=249915 ips=249606 active=0 halt=0 pc=0x1AC4 busReq=1 reset=0 busReqW=145 busReqT=129 resetW=80 resetT=0
[AUDIOCORE] frames=2522 psgPeak=0 ymPeak=8192 mixPeak=8192 psgNZ=0 ymNZ=5024 mixNZ=5024 outVolMin=1 outVolMax=1
